#
# There is insufficient memory for the Java Runtime Environment to continue.
# Native memory allocation (mmap) failed to map 67108864 bytes for G1 virtual space
# Possible reasons:
#   The system is out of physical RAM or swap space
#   The process is running with CompressedOops enabled, and the Java Heap may be blocking the growth of the native heap
# Possible solutions:
#   Reduce memory load on the system
#   Increase physical memory or swap space
#   Check if swap backing store is full
#   Decrease Java heap size (-Xmx/-Xms)
#   Decrease number of Java threads
#   Decrease Java thread stack sizes (-Xss)
#   Set larger code cache with -XX:ReservedCodeCacheSize=
#   JVM is running with Unscaled Compressed Oops mode in which the Java heap is
#     placed in the first 4GB address space. The Java Heap base address is the
#     maximum limit for the native heap growth. Please use -XX:HeapBaseMinAddress
#     to set the Java Heap base and to place the Java Heap above 4GB virtual address.
# This output file may be truncated or incomplete.
#
#  Out of Memory Error (os_windows.cpp:3548), pid=10332, tid=14720
#
# JRE version:  (17.0.5+8) (build )
# Java VM: OpenJDK 64-Bit Server VM (17.0.5+8-adhoc..jdk17u, mixed mode, sharing, tiered, compressed oops, compressed class ptrs, g1 gc, windows-amd64)
# No core dump will be written. Minidumps are not enabled by default on client versions of Windows
#

---------------  S U M M A R Y ------------

Command Line: -Xmx64m -Xms64m -Dorg.gradle.appname=gradlew org.gradle.wrapper.GradleWrapperMain tasks

Host: Intel(R) Core(TM) i5-7300U CPU @ 2.60GHz, 4 cores, 7G,  Windows 10 , 64 bit Build 19041 (10.0.19041.3031)
Time: Wed Jul 26 22:04:35 2023 Pakistan Standard Time elapsed time: 0.020510 seconds (0d 0h 0m 0s)

---------------  T H R E A D  ---------------

Current thread (0x00000177877eb4d0):  JavaThread "Unknown thread" [_thread_in_vm, id=14720, stack(0x000000474a200000,0x000000474a300000)]

Stack: [0x000000474a200000,0x000000474a300000]
Native frames: (J=compiled Java code, j=interpreted, Vv=VM code, C=native code)
V  [jvm.dll+0x677b5a]
V  [jvm.dll+0x832c94]
V  [jvm.dll+0x83443e]
V  [jvm.dll+0x834aa3]
V  [jvm.dll+0x245035]
V  [jvm.dll+0x674a99]
V  [jvm.dll+0x66916a]
V  [jvm.dll+0x303fab]
V  [jvm.dll+0x30b466]
V  [jvm.dll+0x35b16e]
V  [jvm.dll+0x35b39f]
V  [jvm.dll+0x2daeb8]
V  [jvm.dll+0x2dbe24]
V  [jvm.dll+0x8045c1]
V  [jvm.dll+0x368f61]
V  [jvm.dll+0x7e39fc]
V  [jvm.dll+0x3eb8df]
V  [jvm.dll+0x3ed421]
C  [jli.dll+0x526b]
C  [ucrtbase.dll+0x21bb2]
C  [KERNEL32.DLL+0x17614]
C  [ntdll.dll+0x526f1]


---------------  P R O C E S S  ---------------

Threads class SMR info:
_java_thread_list=0x00007ffccc2e9f18, length=0, elements={
}

Java Threads: ( => current thread )

Other Threads:
  0x000001778780bd50 GCTaskThread "GC Thread#0" [stack: 0x000000474a300000,0x000000474a400000] [id=2548]
  0x000001778780dca0 ConcurrentGCThread "G1 Main Marker" [stack: 0x000000474a400000,0x000000474a500000] [id=15408]
  0x000001778780ee50 ConcurrentGCThread "G1 Conc#0" [stack: 0x000000474a500000,0x000000474a600000] [id=12188]

[error occurred during error reporting (printing all threads), id 0xc0000005, EXCEPTION_ACCESS_VIOLATION (0xc0000005) at pc=0x00007ffccbaab8f7]

VM state: not at safepoint (not fully initialized)

VM Mutex/Monitor currently owned by a thread:  ([mutex/lock_event])
[0x00000177877e6740] Heap_lock - owner thread: 0x00000177877eb4d0

Heap address: 0x00000000fc000000, size: 64 MB, Compressed Oops mode: 32-bit

CDS archive(s) mapped at: [0x0000000000000000-0x0000000000000000-0x0000000000000000), size 0, SharedBaseAddress: 0x0000000800000000, ArchiveRelocationMode: 0.
Narrow klass base: 0x0000000000000000, Narrow klass shift: 0, Narrow klass range: 0x0

GC Precious Log:
<Empty>

Heap:
 garbage-first heap   total 0K, used 0K [0x00000000fc000000, 0x0000000100000000)
  region size 1024K, 0 young (0K), 0 survivors (0K)

[error occurred during error reporting (printing heap information), id 0xc0000005, EXCEPTION_ACCESS_VIOLATION (0xc0000005) at pc=0x00007ffccbe90e39]

GC Heap History (0 events):
No events

Dll operation events (1 events):
Event: 0.010 Loaded shared library C:\Program Files\OpenLogic\jdk-17.0.5.8-hotspot\bin\java.dll

Deoptimization events (0 events):
No events

Classes unloaded (0 events):
No events

Classes redefined (0 events):
No events

Internal exceptions (0 events):
No events

VM Operations (0 events):
No events

Events (0 events):
No events


Dynamic libraries:
0x00007ff694780000 - 0x00007ff69478e000 	C:\Program Files\OpenLogic\jdk-17.0.5.8-hotspot\bin\java.exe
0x00007ffd35630000 - 0x00007ffd35828000 	C:\Windows\SYSTEM32\ntdll.dll
0x00007ffd33f60000 - 0x00007ffd3401f000 	C:\Windows\System32\KERNEL32.DLL
0x00007ffd330f0000 - 0x00007ffd333e6000 	C:\Windows\System32\KERNELBASE.dll
0x00007ffd32d10000 - 0x00007ffd32e10000 	C:\Windows\System32\ucrtbase.dll
0x00007ffd0eba0000 - 0x00007ffd0ebbb000 	C:\Program Files\OpenLogic\jdk-17.0.5.8-hotspot\bin\VCRUNTIME140.dll
0x00007ffd0d040000 - 0x00007ffd0d057000 	C:\Program Files\OpenLogic\jdk-17.0.5.8-hotspot\bin\jli.dll
0x00007ffd352c0000 - 0x00007ffd3545d000 	C:\Windows\System32\USER32.dll
0x00007ffd334d0000 - 0x00007ffd334f2000 	C:\Windows\System32\win32u.dll
0x00007ffd1dd70000 - 0x00007ffd1e00a000 	C:\Windows\WinSxS\amd64_microsoft.windows.common-controls_6595b64144ccf1df_6.0.19041.1110_none_60b5254171f9507e\COMCTL32.dll
0x00007ffd337c0000 - 0x00007ffd337ec000 	C:\Windows\System32\GDI32.dll
0x00007ffd35170000 - 0x00007ffd3520e000 	C:\Windows\System32\msvcrt.dll
0x00007ffd33500000 - 0x00007ffd33615000 	C:\Windows\System32\gdi32full.dll
0x00007ffd32ea0000 - 0x00007ffd32f3d000 	C:\Windows\System32\msvcp_win.dll
0x00007ffd33f30000 - 0x00007ffd33f60000 	C:\Windows\System32\IMM32.DLL
0x00007ffd0ebc0000 - 0x00007ffd0ebcc000 	C:\Program Files\OpenLogic\jdk-17.0.5.8-hotspot\bin\vcruntime140_1.dll
0x00007ffd0eb10000 - 0x00007ffd0eb9d000 	C:\Program Files\OpenLogic\jdk-17.0.5.8-hotspot\bin\msvcp140.dll
0x00007ffccb7c0000 - 0x00007ffccc41b000 	C:\Program Files\OpenLogic\jdk-17.0.5.8-hotspot\bin\server\jvm.dll
0x00007ffd33e80000 - 0x00007ffd33f2f000 	C:\Windows\System32\ADVAPI32.dll
0x00007ffd34c90000 - 0x00007ffd34d2c000 	C:\Windows\System32\sechost.dll
0x00007ffd341d0000 - 0x00007ffd342f6000 	C:\Windows\System32\RPCRT4.dll
0x00007ffd0d2b0000 - 0x00007ffd0d2b9000 	C:\Windows\SYSTEM32\WSOCK32.dll
0x00007ffd34160000 - 0x00007ffd341cb000 	C:\Windows\System32\WS2_32.dll
0x00007ffd2cad0000 - 0x00007ffd2cada000 	C:\Windows\SYSTEM32\VERSION.dll
0x00007ffd169a0000 - 0x00007ffd169c7000 	C:\Windows\SYSTEM32\WINMM.dll
0x00007ffd30bc0000 - 0x00007ffd30bd2000 	C:\Windows\SYSTEM32\kernel.appcore.dll
0x00007ffd0cf80000 - 0x00007ffd0cf8a000 	C:\Program Files\OpenLogic\jdk-17.0.5.8-hotspot\bin\jimage.dll
0x00007ffd21d10000 - 0x00007ffd21ef4000 	C:\Windows\SYSTEM32\DBGHELP.DLL
0x00007ffd1e680000 - 0x00007ffd1e6b4000 	C:\Windows\SYSTEM32\dbgcore.DLL
0x00007ffd32e10000 - 0x00007ffd32e92000 	C:\Windows\System32\bcryptPrimitives.dll
0x00007ffd00a40000 - 0x00007ffd00a65000 	C:\Program Files\OpenLogic\jdk-17.0.5.8-hotspot\bin\java.dll

dbghelp: loaded successfully - version: 4.0.5 - missing functions: none
symbol engine: initialized successfully - sym options: 0x614 - pdb path: .;C:\Program Files\OpenLogic\jdk-17.0.5.8-hotspot\bin;C:\Windows\SYSTEM32;C:\Windows\WinSxS\amd64_microsoft.windows.common-controls_6595b64144ccf1df_6.0.19041.1110_none_60b5254171f9507e;C:\Program Files\OpenLogic\jdk-17.0.5.8-hotspot\bin\server

VM Arguments:
jvm_args: -Xmx64m -Xms64m -Dorg.gradle.appname=gradlew 
java_command: org.gradle.wrapper.GradleWrapperMain tasks
java_class_path (initial): D:\BooksApp\android\\gradle\wrapper\gradle-wrapper.jar
Launcher Type: SUN_STANDARD

[Global flags]
     intx CICompilerCount                          = 3                                         {product} {ergonomic}
     uint ConcGCThreads                            = 1                                         {product} {ergonomic}
     uint G1ConcRefinementThreads                  = 4                                         {product} {ergonomic}
   size_t G1HeapRegionSize                         = 1048576                                   {product} {ergonomic}
    uintx GCDrainStackTargetSize                   = 64                                        {product} {ergonomic}
   size_t InitialHeapSize                          = 67108864                                  {product} {command line}
   size_t MarkStackSize                            = 4194304                                   {product} {ergonomic}
   size_t MaxHeapSize                              = 67108864                                  {product} {command line}
   size_t MinHeapDeltaBytes                        = 1048576                                   {product} {ergonomic}
   size_t MinHeapSize                              = 67108864                                  {product} {command line}
    uintx NonNMethodCodeHeapSize                   = 5832780                                {pd product} {ergonomic}
    uintx NonProfiledCodeHeapSize                  = 122912730                              {pd product} {ergonomic}
    uintx ProfiledCodeHeapSize                     = 122912730                              {pd product} {ergonomic}
    uintx ReservedCodeCacheSize                    = 251658240                              {pd product} {ergonomic}
     bool SegmentedCodeCache                       = true                                      {product} {ergonomic}
   size_t SoftMaxHeapSize                          = 67108864                               {manageable} {ergonomic}
     bool UseCompressedClassPointers               = true                           {product lp64_product} {ergonomic}
     bool UseCompressedOops                        = true                           {product lp64_product} {ergonomic}
     bool UseG1GC                                  = true                                      {product} {ergonomic}
     bool UseLargePagesIndividualAllocation        = false                                  {pd product} {ergonomic}

Logging:
Log output configuration:
 #0: stdout all=warning uptime,level,tags
 #1: stderr all=off uptime,level,tags

Environment Variables:
JAVA_HOME=C:\Program Files\OpenLogic\jdk-17.0.5.8-hotspot\
CLASSPATH=D:\BooksApp\android\\gradle\wrapper\gradle-wrapper.jar
PATH=D:\BooksApp\node_modules\.bin;D:\BooksApp\node_modules\.bin;D:\node_modules\.bin;C:\Program Files\nodejs\node_modules\npm\node_modules\@npmcli\run-script\lib\node-gyp-bin;D:\BooksApp\node_modules\.bin;D:\BooksApp\node_modules\.bin;D:\node_modules\.bin;C:\Program Files\nodejs\node_modules\npm\node_modules\@npmcli\run-script\lib\node-gyp-bin;C:\Program Files\OpenLogic\jdk-17.0.5.8-hotspot\bin;C:\Windows\system32;C:\Windows;C:\Windows\System32\Wbem;C:\Windows\System32\WindowsPowerShell\v1.0\;C:\Windows\System32\OpenSSH\;C:\Program Files\nodejs\;C:\ProgramData\chocolatey\bin;C:\Users\Siddiq\AppData\Local\Android\Sdk;C:\Users\Siddiq\AppData\Local\Android\Sdk\platform-tools;C:\Users\Siddiq\AppData\Local\Microsoft\WindowsApps;C:\Users\Siddiq\AppData\Local\Programs\Microsoft VS Code\bin;C:\Users\Siddiq\AppData\Roaming\npm;C:\Users\Siddiq\AppData\Local\Android\Sdk;C:\Users\Siddiq\AppData\Local\Android\Sdk\platform-tools;C:\Users\Siddiq\AppData\Local\Android\Sdk\emulator;C:\Users\Siddiq\AppData\Local\Android\Sdk\build-tools;C:\Users\Siddiq\AppData\Local\Android\Sdk\tools;C:\Users\Siddiq\AppData\Local\Android\Sdk\tools\bin;
USERNAME=Siddiq
OS=Windows_NT
PROCESSOR_IDENTIFIER=Intel64 Family 6 Model 142 Stepping 9, GenuineIntel
TMP=C:\Users\Siddiq\AppData\Local\Temp
TEMP=C:\Users\Siddiq\AppData\Local\Temp



---------------  S Y S T E M  ---------------

OS:
 Windows 10 , 64 bit Build 19041 (10.0.19041.3031)
OS uptime: 2 days 23:41 hours

CPU: total 4 (initial active 4) (2 cores per cpu, 2 threads per core) family 6 model 142 stepping 9 microcode 0xb4, cx8, cmov, fxsr, ht, mmx, 3dnowpref, sse, sse2, sse3, ssse3, sse4.1, sse4.2, popcnt, lzcnt, tsc, tscinvbit, avx, avx2, aes, erms, clmul, bmi1, bmi2, rtm, adx, fma, vzeroupper, clflush, clflushopt

Memory: 4k page, system-wide physical 8071M (121M free)
TotalPageFile size 18175M (AvailPageFile size 12M)
current process WorkingSet (physical memory assigned to process): 10M, peak: 10M
current process commit charge ("private bytes"): 51M, peak: 115M

vm_info: OpenJDK 64-Bit Server VM (17.0.5+8-adhoc..jdk17u) for windows-amd64 JRE (17.0.5+8-adhoc..jdk17u), built on Jun  8 2023 10:23:55 by "" with MS VC++ 16.10 / 16.11 (VS2019)

END.
